This file contains any messages produced by compilers while
running configure, to aid debugging if configure makes a mistake.

It was created by libsoup configure 2.29.3, which was
generated by GNU Autoconf 2.63.  Invocation command line was

  $ ./configure --host=arm-eabi CC=arm-eabi-gcc CPPFLAGS=-I/data/ibox/rowboat-android/ndk/build/platforms/android-8/arch-arm/usr/include/ -I/data/ibox/rowboat-android/external/glib/android-internal -I/data/ibox/rowboat-android/external/glib/android -I/data/ibox/rowboat-android/external/glib/android -I/data/ibox/rowboat-android/external/glib -I/data/ibox/rowboat-android/external/glib/glib -I/data/ibox/rowboat-android/external/glib/gmoudle -I/data/ibox/rowboat-android/external/glib/gobject -I/data/ibox/rowboat-android/external/glib/gthread  CFLAGS=-nostdlib LDFLAGS=-Wl,-rpath-link=/data/ibox/rowboat-android/ndk/build/platforms/android-8/arch-arm/usr/lib/ -L/data/ibox/rowboat-android/ndk/build/platforms/android-8/arch-arm/usr/lib/ -L/data/ibox/rowboat-android/out/target/product/omap3evm/system/lib/ LIBS=-lc

## --------- ##
## Platform. ##
## --------- ##

hostname = tj-desktop
uname -m = i686
uname -r = 2.6.32-26-generic
uname -s = Linux
uname -v = #48-Ubuntu SMP Wed Nov 24 09:00:03 UTC 2010

/usr/bin/uname -p = unknown
/bin/uname -X     = unknown

/bin/arch              = unknown
/usr/bin/arch -k       = unknown
/usr/convex/getsysinfo = unknown
/usr/bin/hostinfo      = unknown
/bin/machine           = unknown
/usr/bin/oslevel       = unknown
/bin/universe          = unknown

PATH: /data/ibox/rowboat-android/prebuilt/linux-x86/toolchain/arm-eabi-4.4.0/bin
PATH: /data/android/ibox/rowboat-android/prebuilt/linux-x86/toolchain/arm-eabi-4.4.0/bin
PATH: /home/tj/bin
PATH: /usr/lib/jvm/java-1.5.0-sun-1.5.0.19//bin
PATH: /usr/lib/jvm/java-1.5.0-sun-1.5.0.19//jre/bin
PATH: /usr/local/sbin
PATH: /usr/local/bin
PATH: /usr/sbin
PATH: /usr/bin
PATH: /sbin
PATH: /bin
PATH: /usr/games
PATH: /home/tj/workspace/android/android-sdk/android-sdk-linux_86/platform-tools
PATH: /data/android/ibox/tools/jdk1.5.0_22/bin
PATH: /data/android/ibox/tools/jdk1.5.0_22/jre/bin
PATH: /data/android/ibox/rowboat-android/external/libiconv-1.13.1/out/host/linux-x86/bin
PATH: /data/android/ibox/rowboat-android/external/libiconv-1.13.1/prebuilt/linux-x86/toolchain/arm-eabi-4.4.0/bin
PATH: /data/android/ibox/rowboat-android/development/emulator/qtools
PATH: /data/android/ibox/rowboat-android/external/libiconv-1.13.1/prebuilt/linux-x86/toolchain/arm-eabi-4.4.0/bin
PATH: /data/android/ibox/rowboat-android/external/libiconv-1.13.1/prebuilt/linux-x86/toolchain/arm-eabi-4.4.0/bin
PATH: /data/ibox/tools/jdk1.5.0_22/bin
PATH: /data/ibox/tools/jdk1.5.0_22/jre/bin
PATH: /data/ibox/rowboat-android/prebuilt/linux-x86/toolchain/arm-eabi-4.4.0/bin/


## ----------- ##
## Core tests. ##
## ----------- ##

configure:2196: checking for a BSD-compatible install
configure:2264: result: /usr/bin/install -c
configure:2275: checking whether build environment is sane
configure:2335: result: yes
configure:2384: checking for arm-eabi-strip
configure:2400: found /data/ibox/rowboat-android/prebuilt/linux-x86/toolchain/arm-eabi-4.4.0/bin/arm-eabi-strip
configure:2411: result: arm-eabi-strip
configure:2476: checking for a thread-safe mkdir -p
configure:2515: result: /bin/mkdir -p
configure:2528: checking for gawk
configure:2544: found /usr/bin/gawk
configure:2555: result: gawk
configure:2566: checking whether make sets $(MAKE)
configure:2588: result: yes
configure:2686: checking whether to enable maintainer-specific portions of Makefiles
configure:2695: result: no
configure:2708: checking whether make sets $(MAKE)
configure:2730: result: yes
configure:2795: checking for arm-eabi-gcc
configure:2822: result: arm-eabi-gcc
configure:3094: checking for C compiler version
configure:3102: arm-eabi-gcc --version >&5
arm-eabi-gcc (GCC) 4.4.0
Copyright (C) 2009 Free Software Foundation, Inc.
This is free software; see the source for copying conditions.  There is NO
warranty; not even for MERCHANTABILITY or FITNESS FOR A PARTICULAR PURPOSE.

configure:3106: $? = 0
configure:3113: arm-eabi-gcc -v >&5
Using built-in specs.
Target: arm-eabi
Configured with: /home/jingyu/projects/gcc/android-toolchain/gcc-4.4.0/configure --prefix=/usr/local --target=arm-eabi --host=i686-unknown-linux-gnu --build=i686-unknown-linux-gnu --enable-languages=c,c++ --with-gmp=/home/jingyu/projects/gcc/toolchain_build/obj/temp-install --with-mpfr=/home/jingyu/projects/gcc/toolchain_build/obj/temp-install --disable-libssp --enable-threads --disable-nls --disable-libmudflap --disable-libgomp --disable-libstdc__-v3 --disable-sjlj-exceptions --disable-shared --disable-tls --with-float=soft --with-fpu=vfp --with-arch=armv5te --enable-target-optspace --with-abi=aapcs --with-gcc-version=4.4.0 --with-binutils-version=2.19 --with-gmp-version=4.2.4 --with-mpfr-version=2.4.1 --with-gdb-version=6.6 --with-arch=armv5te --with-multilib-list=mthumb-interwork,mandroid --with-sysroot=/g/users/jingyu/toolchain/cupcake_rel_root --program-transform-name='s&^&arm-eabi-&'
Thread model: single
gcc version 4.4.0 (GCC) 
configure:3117: $? = 0
configure:3124: arm-eabi-gcc -V >&5
arm-eabi-gcc: '-V' option must have argument
configure:3128: $? = 1
configure:3151: checking for C compiler default output file name
configure:3173: arm-eabi-gcc -nostdlib -I/data/ibox/rowboat-android/ndk/build/platforms/android-8/arch-arm/usr/include/ -I/data/ibox/rowboat-android/external/glib/android-internal -I/data/ibox/rowboat-android/external/glib/android -I/data/ibox/rowboat-android/external/glib/android -I/data/ibox/rowboat-android/external/glib -I/data/ibox/rowboat-android/external/glib/glib -I/data/ibox/rowboat-android/external/glib/gmoudle -I/data/ibox/rowboat-android/external/glib/gobject -I/data/ibox/rowboat-android/external/glib/gthread  -Wl,-rpath-link=/data/ibox/rowboat-android/ndk/build/platforms/android-8/arch-arm/usr/lib/ -L/data/ibox/rowboat-android/ndk/build/platforms/android-8/arch-arm/usr/lib/ -L/data/ibox/rowboat-android/out/target/product/omap3evm/system/lib/ conftest.c -lc >&5
/data/ibox/rowboat-android/prebuilt/linux-x86/toolchain/arm-eabi-4.4.0/bin/../lib/gcc/arm-eabi/4.4.0/../../../../arm-eabi/bin/ld: warning: cannot find entry symbol _start; defaulting to 00008258
configure:3177: $? = 0
configure:3215: result: a.out
configure:3234: checking whether the C compiler works
configure:3244: ./a.out
./configure: line 3246: ./a.out: cannot execute binary file
configure:3248: $? = 126
configure:3267: result: yes
configure:3274: checking whether we are cross compiling
configure:3276: result: yes
configure:3279: checking for suffix of executables
configure:3286: arm-eabi-gcc -o conftest -nostdlib -I/data/ibox/rowboat-android/ndk/build/platforms/android-8/arch-arm/usr/include/ -I/data/ibox/rowboat-android/external/glib/android-internal -I/data/ibox/rowboat-android/external/glib/android -I/data/ibox/rowboat-android/external/glib/android -I/data/ibox/rowboat-android/external/glib -I/data/ibox/rowboat-android/external/glib/glib -I/data/ibox/rowboat-android/external/glib/gmoudle -I/data/ibox/rowboat-android/external/glib/gobject -I/data/ibox/rowboat-android/external/glib/gthread  -Wl,-rpath-link=/data/ibox/rowboat-android/ndk/build/platforms/android-8/arch-arm/usr/lib/ -L/data/ibox/rowboat-android/ndk/build/platforms/android-8/arch-arm/usr/lib/ -L/data/ibox/rowboat-android/out/target/product/omap3evm/system/lib/ conftest.c -lc >&5
/data/ibox/rowboat-android/prebuilt/linux-x86/toolchain/arm-eabi-4.4.0/bin/../lib/gcc/arm-eabi/4.4.0/../../../../arm-eabi/bin/ld: warning: cannot find entry symbol _start; defaulting to 00008258
configure:3290: $? = 0
configure:3316: result: 
configure:3322: checking for suffix of object files
configure:3348: arm-eabi-gcc -c -nostdlib -I/data/ibox/rowboat-android/ndk/build/platforms/android-8/arch-arm/usr/include/ -I/data/ibox/rowboat-android/external/glib/android-internal -I/data/ibox/rowboat-android/external/glib/android -I/data/ibox/rowboat-android/external/glib/android -I/data/ibox/rowboat-android/external/glib -I/data/ibox/rowboat-android/external/glib/glib -I/data/ibox/rowboat-android/external/glib/gmoudle -I/data/ibox/rowboat-android/external/glib/gobject -I/data/ibox/rowboat-android/external/glib/gthread  conftest.c >&5
configure:3352: $? = 0
configure:3377: result: o
configure:3381: checking whether we are using the GNU C compiler
configure:3410: arm-eabi-gcc -c -nostdlib -I/data/ibox/rowboat-android/ndk/build/platforms/android-8/arch-arm/usr/include/ -I/data/ibox/rowboat-android/external/glib/android-internal -I/data/ibox/rowboat-android/external/glib/android -I/data/ibox/rowboat-android/external/glib/android -I/data/ibox/rowboat-android/external/glib -I/data/ibox/rowboat-android/external/glib/glib -I/data/ibox/rowboat-android/external/glib/gmoudle -I/data/ibox/rowboat-android/external/glib/gobject -I/data/ibox/rowboat-android/external/glib/gthread  conftest.c >&5
configure:3417: $? = 0
configure:3434: result: yes
configure:3443: checking whether arm-eabi-gcc accepts -g
configure:3473: arm-eabi-gcc -c -g -I/data/ibox/rowboat-android/ndk/build/platforms/android-8/arch-arm/usr/include/ -I/data/ibox/rowboat-android/external/glib/android-internal -I/data/ibox/rowboat-android/external/glib/android -I/data/ibox/rowboat-android/external/glib/android -I/data/ibox/rowboat-android/external/glib -I/data/ibox/rowboat-android/external/glib/glib -I/data/ibox/rowboat-android/external/glib/gmoudle -I/data/ibox/rowboat-android/external/glib/gobject -I/data/ibox/rowboat-android/external/glib/gthread  conftest.c >&5
configure:3480: $? = 0
configure:3581: result: yes
configure:3598: checking for arm-eabi-gcc option to accept ISO C89
configure:3672: arm-eabi-gcc  -c -nostdlib -I/data/ibox/rowboat-android/ndk/build/platforms/android-8/arch-arm/usr/include/ -I/data/ibox/rowboat-android/external/glib/android-internal -I/data/ibox/rowboat-android/external/glib/android -I/data/ibox/rowboat-android/external/glib/android -I/data/ibox/rowboat-android/external/glib -I/data/ibox/rowboat-android/external/glib/glib -I/data/ibox/rowboat-android/external/glib/gmoudle -I/data/ibox/rowboat-android/external/glib/gobject -I/data/ibox/rowboat-android/external/glib/gthread  conftest.c >&5
configure:3679: $? = 0
configure:3702: result: none needed
configure:3731: checking for style of include used by make
configure:3759: result: GNU
configure:3784: checking dependency style of arm-eabi-gcc
configure:3894: result: gcc3
configure:3917: checking for arm-eabi-gcc
configure:3944: result: arm-eabi-gcc
configure:4216: checking for C compiler version
configure:4224: arm-eabi-gcc --version >&5
arm-eabi-gcc (GCC) 4.4.0
Copyright (C) 2009 Free Software Foundation, Inc.
This is free software; see the source for copying conditions.  There is NO
warranty; not even for MERCHANTABILITY or FITNESS FOR A PARTICULAR PURPOSE.

configure:4228: $? = 0
configure:4235: arm-eabi-gcc -v >&5
Using built-in specs.
Target: arm-eabi
Configured with: /home/jingyu/projects/gcc/android-toolchain/gcc-4.4.0/configure --prefix=/usr/local --target=arm-eabi --host=i686-unknown-linux-gnu --build=i686-unknown-linux-gnu --enable-languages=c,c++ --with-gmp=/home/jingyu/projects/gcc/toolchain_build/obj/temp-install --with-mpfr=/home/jingyu/projects/gcc/toolchain_build/obj/temp-install --disable-libssp --enable-threads --disable-nls --disable-libmudflap --disable-libgomp --disable-libstdc__-v3 --disable-sjlj-exceptions --disable-shared --disable-tls --with-float=soft --with-fpu=vfp --with-arch=armv5te --enable-target-optspace --with-abi=aapcs --with-gcc-version=4.4.0 --with-binutils-version=2.19 --with-gmp-version=4.2.4 --with-mpfr-version=2.4.1 --with-gdb-version=6.6 --with-arch=armv5te --with-multilib-list=mthumb-interwork,mandroid --with-sysroot=/g/users/jingyu/toolchain/cupcake_rel_root --program-transform-name='s&^&arm-eabi-&'
Thread model: single
gcc version 4.4.0 (GCC) 
configure:4239: $? = 0
configure:4246: arm-eabi-gcc -V >&5
arm-eabi-gcc: '-V' option must have argument
configure:4250: $? = 1
configure:4253: checking whether we are using the GNU C compiler
configure:4306: result: yes
configure:4315: checking whether arm-eabi-gcc accepts -g
configure:4453: result: yes
configure:4470: checking for arm-eabi-gcc option to accept ISO C89
configure:4574: result: none needed
configure:4594: checking dependency style of arm-eabi-gcc
configure:4704: result: gcc3
configure:4736: checking for a BSD-compatible install
configure:4804: result: /usr/bin/install -c
configure:4823: checking how to run the C preprocessor
configure:4863: arm-eabi-gcc -E -I/data/ibox/rowboat-android/ndk/build/platforms/android-8/arch-arm/usr/include/ -I/data/ibox/rowboat-android/external/glib/android-internal -I/data/ibox/rowboat-android/external/glib/android -I/data/ibox/rowboat-android/external/glib/android -I/data/ibox/rowboat-android/external/glib -I/data/ibox/rowboat-android/external/glib/glib -I/data/ibox/rowboat-android/external/glib/gmoudle -I/data/ibox/rowboat-android/external/glib/gobject -I/data/ibox/rowboat-android/external/glib/gthread  conftest.c
configure:4870: $? = 0
configure:4901: arm-eabi-gcc -E -I/data/ibox/rowboat-android/ndk/build/platforms/android-8/arch-arm/usr/include/ -I/data/ibox/rowboat-android/external/glib/android-internal -I/data/ibox/rowboat-android/external/glib/android -I/data/ibox/rowboat-android/external/glib/android -I/data/ibox/rowboat-android/external/glib -I/data/ibox/rowboat-android/external/glib/glib -I/data/ibox/rowboat-android/external/glib/gmoudle -I/data/ibox/rowboat-android/external/glib/gobject -I/data/ibox/rowboat-android/external/glib/gthread  conftest.c
conftest.c:10:28: error: ac_nonexistent.h: No such file or directory
configure:4908: $? = 1
configure: failed program was:
| /* confdefs.h.  */
| #define PACKAGE_NAME "libsoup"
| #define PACKAGE_TARNAME "libsoup"
| #define PACKAGE_VERSION "2.29.3"
| #define PACKAGE_STRING "libsoup 2.29.3"
| #define PACKAGE_BUGREPORT ""
| #define PACKAGE "libsoup"
| #define VERSION "2.29.3"
| /* end confdefs.h.  */
| #include <ac_nonexistent.h>
configure:4941: result: arm-eabi-gcc -E
configure:4970: arm-eabi-gcc -E -I/data/ibox/rowboat-android/ndk/build/platforms/android-8/arch-arm/usr/include/ -I/data/ibox/rowboat-android/external/glib/android-internal -I/data/ibox/rowboat-android/external/glib/android -I/data/ibox/rowboat-android/external/glib/android -I/data/ibox/rowboat-android/external/glib -I/data/ibox/rowboat-android/external/glib/glib -I/data/ibox/rowboat-android/external/glib/gmoudle -I/data/ibox/rowboat-android/external/glib/gobject -I/data/ibox/rowboat-android/external/glib/gthread  conftest.c
configure:4977: $? = 0
configure:5008: arm-eabi-gcc -E -I/data/ibox/rowboat-android/ndk/build/platforms/android-8/arch-arm/usr/include/ -I/data/ibox/rowboat-android/external/glib/android-internal -I/data/ibox/rowboat-android/external/glib/android -I/data/ibox/rowboat-android/external/glib/android -I/data/ibox/rowboat-android/external/glib -I/data/ibox/rowboat-android/external/glib/glib -I/data/ibox/rowboat-android/external/glib/gmoudle -I/data/ibox/rowboat-android/external/glib/gobject -I/data/ibox/rowboat-android/external/glib/gthread  conftest.c
conftest.c:10:28: error: ac_nonexistent.h: No such file or directory
configure:5015: $? = 1
configure: failed program was:
| /* confdefs.h.  */
| #define PACKAGE_NAME "libsoup"
| #define PACKAGE_TARNAME "libsoup"
| #define PACKAGE_VERSION "2.29.3"
| #define PACKAGE_STRING "libsoup 2.29.3"
| #define PACKAGE_BUGREPORT ""
| #define PACKAGE "libsoup"
| #define VERSION "2.29.3"
| /* end confdefs.h.  */
| #include <ac_nonexistent.h>
configure:5055: checking for grep that handles long lines and -e
configure:5115: result: /bin/grep
configure:5120: checking for egrep
configure:5184: result: /bin/grep -E
configure:5189: checking for ANSI C header files
configure:5219: arm-eabi-gcc -c -nostdlib -I/data/ibox/rowboat-android/ndk/build/platforms/android-8/arch-arm/usr/include/ -I/data/ibox/rowboat-android/external/glib/android-internal -I/data/ibox/rowboat-android/external/glib/android -I/data/ibox/rowboat-android/external/glib/android -I/data/ibox/rowboat-android/external/glib -I/data/ibox/rowboat-android/external/glib/glib -I/data/ibox/rowboat-android/external/glib/gmoudle -I/data/ibox/rowboat-android/external/glib/gobject -I/data/ibox/rowboat-android/external/glib/gthread  conftest.c >&5
configure:5226: $? = 0
configure:5357: result: yes
configure:5375: checking build system type
configure:5393: result: i686-pc-linux-gnulibc1
configure:5415: checking host system type
configure:5430: result: arm-unknown-eabi
configure:5780: checking for a sed that does not truncate output
configure:5846: result: /bin/sed
configure:5864: checking for fgrep
configure:5928: result: /bin/grep -F
configure:5963: checking for ld used by arm-eabi-gcc
configure:6030: result: /data/ibox/rowboat-android/prebuilt/linux-x86/toolchain/arm-eabi-4.4.0/arm-eabi/bin/ld
configure:6039: checking if the linker (/data/ibox/rowboat-android/prebuilt/linux-x86/toolchain/arm-eabi-4.4.0/arm-eabi/bin/ld) is GNU ld
configure:6054: result: yes
configure:6066: checking for BSD- or MS-compatible name lister (nm)
configure:6115: result: /data/ibox/rowboat-android/prebuilt/linux-x86/toolchain/arm-eabi-4.4.0/bin/arm-eabi-nm -B
configure:6233: checking the name lister (/data/ibox/rowboat-android/prebuilt/linux-x86/toolchain/arm-eabi-4.4.0/bin/arm-eabi-nm -B) interface
configure:6240: arm-eabi-gcc -c -nostdlib -I/data/ibox/rowboat-android/ndk/build/platforms/android-8/arch-arm/usr/include/ -I/data/ibox/rowboat-android/external/glib/android-internal -I/data/ibox/rowboat-android/external/glib/android -I/data/ibox/rowboat-android/external/glib/android -I/data/ibox/rowboat-android/external/glib -I/data/ibox/rowboat-android/external/glib/glib -I/data/ibox/rowboat-android/external/glib/gmoudle -I/data/ibox/rowboat-android/external/glib/gobject -I/data/ibox/rowboat-android/external/glib/gthread  conftest.c >&5
configure:6243: /data/ibox/rowboat-android/prebuilt/linux-x86/toolchain/arm-eabi-4.4.0/bin/arm-eabi-nm -B "conftest.o"
configure:6246: output
00000000 B some_variable
configure:6253: result: BSD nm
configure:6256: checking whether ln -s works
configure:6260: result: yes
configure:6268: checking the maximum length of command line arguments
configure:6388: result: 1572864
configure:6405: checking whether the shell understands some XSI constructs
configure:6415: result: yes
configure:6419: checking whether the shell understands "+="
configure:6425: result: yes
configure:6460: checking for /data/ibox/rowboat-android/prebuilt/linux-x86/toolchain/arm-eabi-4.4.0/arm-eabi/bin/ld option to reload object files
configure:6467: result: -r
configure:6496: checking for arm-eabi-objdump
configure:6523: result: objdump
configure:6592: checking how to recognize dependent libraries
configure:6788: result: unknown
configure:6808: checking for arm-eabi-ar
configure:6824: found /data/ibox/rowboat-android/prebuilt/linux-x86/toolchain/arm-eabi-4.4.0/bin/arm-eabi-ar
configure:6835: result: arm-eabi-ar
configure:6913: checking for arm-eabi-strip
configure:6940: result: arm-eabi-strip
configure:7012: checking for arm-eabi-ranlib
configure:7028: found /data/ibox/rowboat-android/prebuilt/linux-x86/toolchain/arm-eabi-4.4.0/bin/arm-eabi-ranlib
configure:7039: result: arm-eabi-ranlib
configure:7169: checking command to parse /data/ibox/rowboat-android/prebuilt/linux-x86/toolchain/arm-eabi-4.4.0/bin/arm-eabi-nm -B output from arm-eabi-gcc object
configure:7287: arm-eabi-gcc -c -nostdlib -I/data/ibox/rowboat-android/ndk/build/platforms/android-8/arch-arm/usr/include/ -I/data/ibox/rowboat-android/external/glib/android-internal -I/data/ibox/rowboat-android/external/glib/android -I/data/ibox/rowboat-android/external/glib/android -I/data/ibox/rowboat-android/external/glib -I/data/ibox/rowboat-android/external/glib/glib -I/data/ibox/rowboat-android/external/glib/gmoudle -I/data/ibox/rowboat-android/external/glib/gobject -I/data/ibox/rowboat-android/external/glib/gthread  conftest.c >&5
configure:7290: $? = 0
configure:7294: /data/ibox/rowboat-android/prebuilt/linux-x86/toolchain/arm-eabi-4.4.0/bin/arm-eabi-nm -B conftest.o \| sed -n -e 's/^.*[	 ]\([ABCDGIRSTW][ABCDGIRSTW]*\)[	 ][	 ]*\([_A-Za-z][_A-Za-z0-9]*\)$/\1 \2 \2/p' \> conftest.nm
configure:7297: $? = 0
configure:7351: arm-eabi-gcc -o conftest -nostdlib -I/data/ibox/rowboat-android/ndk/build/platforms/android-8/arch-arm/usr/include/ -I/data/ibox/rowboat-android/external/glib/android-internal -I/data/ibox/rowboat-android/external/glib/android -I/data/ibox/rowboat-android/external/glib/android -I/data/ibox/rowboat-android/external/glib -I/data/ibox/rowboat-android/external/glib/glib -I/data/ibox/rowboat-android/external/glib/gmoudle -I/data/ibox/rowboat-android/external/glib/gobject -I/data/ibox/rowboat-android/external/glib/gthread  -Wl,-rpath-link=/data/ibox/rowboat-android/ndk/build/platforms/android-8/arch-arm/usr/lib/ -L/data/ibox/rowboat-android/ndk/build/platforms/android-8/arch-arm/usr/lib/ -L/data/ibox/rowboat-android/out/target/product/omap3evm/system/lib/ conftest.c conftstm.o >&5
/data/ibox/rowboat-android/prebuilt/linux-x86/toolchain/arm-eabi-4.4.0/bin/../lib/gcc/arm-eabi/4.4.0/../../../../arm-eabi/bin/ld: warning: cannot find entry symbol _start; defaulting to 00008074
configure:7354: $? = 0
configure:7392: result: ok
configure:8267: checking for sys/types.h
configure:8288: arm-eabi-gcc -c -nostdlib -I/data/ibox/rowboat-android/ndk/build/platforms/android-8/arch-arm/usr/include/ -I/data/ibox/rowboat-android/external/glib/android-internal -I/data/ibox/rowboat-android/external/glib/android -I/data/ibox/rowboat-android/external/glib/android -I/data/ibox/rowboat-android/external/glib -I/data/ibox/rowboat-android/external/glib/glib -I/data/ibox/rowboat-android/external/glib/gmoudle -I/data/ibox/rowboat-android/external/glib/gobject -I/data/ibox/rowboat-android/external/glib/gthread  conftest.c >&5
configure:8295: $? = 0
configure:8312: result: yes
configure:8267: checking for sys/stat.h
configure:8288: arm-eabi-gcc -c -nostdlib -I/data/ibox/rowboat-android/ndk/build/platforms/android-8/arch-arm/usr/include/ -I/data/ibox/rowboat-android/external/glib/android-internal -I/data/ibox/rowboat-android/external/glib/android -I/data/ibox/rowboat-android/external/glib/android -I/data/ibox/rowboat-android/external/glib -I/data/ibox/rowboat-android/external/glib/glib -I/data/ibox/rowboat-android/external/glib/gmoudle -I/data/ibox/rowboat-android/external/glib/gobject -I/data/ibox/rowboat-android/external/glib/gthread  conftest.c >&5
configure:8295: $? = 0
configure:8312: result: yes
configure:8267: checking for stdlib.h
configure:8288: arm-eabi-gcc -c -nostdlib -I/data/ibox/rowboat-android/ndk/build/platforms/android-8/arch-arm/usr/include/ -I/data/ibox/rowboat-android/external/glib/android-internal -I/data/ibox/rowboat-android/external/glib/android -I/data/ibox/rowboat-android/external/glib/android -I/data/ibox/rowboat-android/external/glib -I/data/ibox/rowboat-android/external/glib/glib -I/data/ibox/rowboat-android/external/glib/gmoudle -I/data/ibox/rowboat-android/external/glib/gobject -I/data/ibox/rowboat-android/external/glib/gthread  conftest.c >&5
configure:8295: $? = 0
configure:8312: result: yes
configure:8267: checking for string.h
configure:8288: arm-eabi-gcc -c -nostdlib -I/data/ibox/rowboat-android/ndk/build/platforms/android-8/arch-arm/usr/include/ -I/data/ibox/rowboat-android/external/glib/android-internal -I/data/ibox/rowboat-android/external/glib/android -I/data/ibox/rowboat-android/external/glib/android -I/data/ibox/rowboat-android/external/glib -I/data/ibox/rowboat-android/external/glib/glib -I/data/ibox/rowboat-android/external/glib/gmoudle -I/data/ibox/rowboat-android/external/glib/gobject -I/data/ibox/rowboat-android/external/glib/gthread  conftest.c >&5
configure:8295: $? = 0
configure:8312: result: yes
configure:8267: checking for memory.h
configure:8288: arm-eabi-gcc -c -nostdlib -I/data/ibox/rowboat-android/ndk/build/platforms/android-8/arch-arm/usr/include/ -I/data/ibox/rowboat-android/external/glib/android-internal -I/data/ibox/rowboat-android/external/glib/android -I/data/ibox/rowboat-android/external/glib/android -I/data/ibox/rowboat-android/external/glib -I/data/ibox/rowboat-android/external/glib/glib -I/data/ibox/rowboat-android/external/glib/gmoudle -I/data/ibox/rowboat-android/external/glib/gobject -I/data/ibox/rowboat-android/external/glib/gthread  conftest.c >&5
configure:8295: $? = 0
configure:8312: result: yes
configure:8267: checking for strings.h
configure:8288: arm-eabi-gcc -c -nostdlib -I/data/ibox/rowboat-android/ndk/build/platforms/android-8/arch-arm/usr/include/ -I/data/ibox/rowboat-android/external/glib/android-internal -I/data/ibox/rowboat-android/external/glib/android -I/data/ibox/rowboat-android/external/glib/android -I/data/ibox/rowboat-android/external/glib -I/data/ibox/rowboat-android/external/glib/glib -I/data/ibox/rowboat-android/external/glib/gmoudle -I/data/ibox/rowboat-android/external/glib/gobject -I/data/ibox/rowboat-android/external/glib/gthread  conftest.c >&5
configure:8295: $? = 0
configure:8312: result: yes
configure:8267: checking for inttypes.h
configure:8288: arm-eabi-gcc -c -nostdlib -I/data/ibox/rowboat-android/ndk/build/platforms/android-8/arch-arm/usr/include/ -I/data/ibox/rowboat-android/external/glib/android-internal -I/data/ibox/rowboat-android/external/glib/android -I/data/ibox/rowboat-android/external/glib/android -I/data/ibox/rowboat-android/external/glib -I/data/ibox/rowboat-android/external/glib/glib -I/data/ibox/rowboat-android/external/glib/gmoudle -I/data/ibox/rowboat-android/external/glib/gobject -I/data/ibox/rowboat-android/external/glib/gthread  conftest.c >&5
configure:8295: $? = 0
configure:8312: result: yes
configure:8267: checking for stdint.h
configure:8288: arm-eabi-gcc -c -nostdlib -I/data/ibox/rowboat-android/ndk/build/platforms/android-8/arch-arm/usr/include/ -I/data/ibox/rowboat-android/external/glib/android-internal -I/data/ibox/rowboat-android/external/glib/android -I/data/ibox/rowboat-android/external/glib/android -I/data/ibox/rowboat-android/external/glib -I/data/ibox/rowboat-android/external/glib/glib -I/data/ibox/rowboat-android/external/glib/gmoudle -I/data/ibox/rowboat-android/external/glib/gobject -I/data/ibox/rowboat-android/external/glib/gthread  conftest.c >&5
configure:8295: $? = 0
configure:8312: result: yes
configure:8267: checking for unistd.h
configure:8288: arm-eabi-gcc -c -nostdlib -I/data/ibox/rowboat-android/ndk/build/platforms/android-8/arch-arm/usr/include/ -I/data/ibox/rowboat-android/external/glib/android-internal -I/data/ibox/rowboat-android/external/glib/android -I/data/ibox/rowboat-android/external/glib/android -I/data/ibox/rowboat-android/external/glib -I/data/ibox/rowboat-android/external/glib/glib -I/data/ibox/rowboat-android/external/glib/gmoudle -I/data/ibox/rowboat-android/external/glib/gobject -I/data/ibox/rowboat-android/external/glib/gthread  conftest.c >&5
configure:8295: $? = 0
configure:8312: result: yes
configure:8330: checking for dlfcn.h
configure:8351: arm-eabi-gcc -c -nostdlib -I/data/ibox/rowboat-android/ndk/build/platforms/android-8/arch-arm/usr/include/ -I/data/ibox/rowboat-android/external/glib/android-internal -I/data/ibox/rowboat-android/external/glib/android -I/data/ibox/rowboat-android/external/glib/android -I/data/ibox/rowboat-android/external/glib -I/data/ibox/rowboat-android/external/glib/glib -I/data/ibox/rowboat-android/external/glib/gmoudle -I/data/ibox/rowboat-android/external/glib/gobject -I/data/ibox/rowboat-android/external/glib/gthread  conftest.c >&5
configure:8358: $? = 0
configure:8375: result: yes
configure:8559: checking for objdir
configure:8574: result: .libs
configure:8870: checking if arm-eabi-gcc supports -fno-rtti -fno-exceptions
configure:8888: arm-eabi-gcc -c -nostdlib -I/data/ibox/rowboat-android/ndk/build/platforms/android-8/arch-arm/usr/include/ -I/data/ibox/rowboat-android/external/glib/android-internal -I/data/ibox/rowboat-android/external/glib/android -I/data/ibox/rowboat-android/external/glib/android -I/data/ibox/rowboat-android/external/glib -I/data/ibox/rowboat-android/external/glib/glib -I/data/ibox/rowboat-android/external/glib/gmoudle -I/data/ibox/rowboat-android/external/glib/gobject -I/data/ibox/rowboat-android/external/glib/gthread  -fno-rtti -fno-exceptions conftest.c >&5
cc1: warning: command line option "-fno-rtti" is valid for C++/ObjC++ but not for C
configure:8892: $? = 0
configure:8905: result: no
configure:8925: checking for arm-eabi-gcc option to produce PIC
configure:9197: result: -fPIC -DPIC
configure:9209: checking if arm-eabi-gcc PIC flag -fPIC -DPIC works
configure:9227: arm-eabi-gcc -c -nostdlib -I/data/ibox/rowboat-android/ndk/build/platforms/android-8/arch-arm/usr/include/ -I/data/ibox/rowboat-android/external/glib/android-internal -I/data/ibox/rowboat-android/external/glib/android -I/data/ibox/rowboat-android/external/glib/android -I/data/ibox/rowboat-android/external/glib -I/data/ibox/rowboat-android/external/glib/glib -I/data/ibox/rowboat-android/external/glib/gmoudle -I/data/ibox/rowboat-android/external/glib/gobject -I/data/ibox/rowboat-android/external/glib/gthread  -fPIC -DPIC -DPIC conftest.c >&5
configure:9231: $? = 0
configure:9244: result: yes
configure:9268: checking if arm-eabi-gcc static flag -static works
/data/ibox/rowboat-android/prebuilt/linux-x86/toolchain/arm-eabi-4.4.0/bin/../lib/gcc/arm-eabi/4.4.0/../../../../arm-eabi/bin/ld: warning: cannot find entry symbol _start; defaulting to 00008054
configure:9296: result: no
configure:9311: checking if arm-eabi-gcc supports -c -o file.o
configure:9332: arm-eabi-gcc -c -nostdlib -I/data/ibox/rowboat-android/ndk/build/platforms/android-8/arch-arm/usr/include/ -I/data/ibox/rowboat-android/external/glib/android-internal -I/data/ibox/rowboat-android/external/glib/android -I/data/ibox/rowboat-android/external/glib/android -I/data/ibox/rowboat-android/external/glib -I/data/ibox/rowboat-android/external/glib/glib -I/data/ibox/rowboat-android/external/glib/gmoudle -I/data/ibox/rowboat-android/external/glib/gobject -I/data/ibox/rowboat-android/external/glib/gthread  -o out/conftest2.o conftest.c >&5
configure:9336: $? = 0
configure:9358: result: yes
configure:9366: checking if arm-eabi-gcc supports -c -o file.o
configure:9413: result: yes
configure:9446: checking whether the arm-eabi-gcc linker (/data/ibox/rowboat-android/prebuilt/linux-x86/toolchain/arm-eabi-4.4.0/arm-eabi/bin/ld) supports shared libraries
configure:10520: result: yes
configure:10557: checking whether -lc should be explicitly linked in
configure:10562: arm-eabi-gcc -c -nostdlib -I/data/ibox/rowboat-android/ndk/build/platforms/android-8/arch-arm/usr/include/ -I/data/ibox/rowboat-android/external/glib/android-internal -I/data/ibox/rowboat-android/external/glib/android -I/data/ibox/rowboat-android/external/glib/android -I/data/ibox/rowboat-android/external/glib -I/data/ibox/rowboat-android/external/glib/glib -I/data/ibox/rowboat-android/external/glib/gmoudle -I/data/ibox/rowboat-android/external/glib/gobject -I/data/ibox/rowboat-android/external/glib/gthread  conftest.c >&5
configure:10565: $? = 0
configure:10580: arm-eabi-gcc -shared conftest.o  -v -Wl,-soname -Wl,conftest -o conftest 2\>\&1 \| /bin/grep  -lc  \>/dev/null 2\>\&1
configure:10583: $? = 1
configure:10595: result: yes
configure:10759: checking dynamic linker characteristics
configure:11445: result: no
configure:11547: checking how to hardcode library paths into programs
configure:11572: result: immediate
configure:12405: checking whether stripping libraries is possible
configure:12410: result: yes
configure:12445: checking if libtool supports shared libraries
configure:12447: result: no
configure:12450: checking whether to build shared libraries
configure:12471: result: no
configure:12474: checking whether to build static libraries
configure:12478: result: yes
configure:12517: checking for working alloca.h
configure:12544: arm-eabi-gcc -o conftest -nostdlib -I/data/ibox/rowboat-android/ndk/build/platforms/android-8/arch-arm/usr/include/ -I/data/ibox/rowboat-android/external/glib/android-internal -I/data/ibox/rowboat-android/external/glib/android -I/data/ibox/rowboat-android/external/glib/android -I/data/ibox/rowboat-android/external/glib -I/data/ibox/rowboat-android/external/glib/glib -I/data/ibox/rowboat-android/external/glib/gmoudle -I/data/ibox/rowboat-android/external/glib/gobject -I/data/ibox/rowboat-android/external/glib/gthread  -Wl,-rpath-link=/data/ibox/rowboat-android/ndk/build/platforms/android-8/arch-arm/usr/lib/ -L/data/ibox/rowboat-android/ndk/build/platforms/android-8/arch-arm/usr/lib/ -L/data/ibox/rowboat-android/out/target/product/omap3evm/system/lib/ conftest.c -lc >&5
/data/ibox/rowboat-android/prebuilt/linux-x86/toolchain/arm-eabi-4.4.0/bin/../lib/gcc/arm-eabi/4.4.0/../../../../arm-eabi/bin/ld: warning: cannot find entry symbol _start; defaulting to 00008258
configure:12551: $? = 0
configure:12571: result: yes
configure:12581: checking for alloca
configure:12628: arm-eabi-gcc -o conftest -nostdlib -I/data/ibox/rowboat-android/ndk/build/platforms/android-8/arch-arm/usr/include/ -I/data/ibox/rowboat-android/external/glib/android-internal -I/data/ibox/rowboat-android/external/glib/android -I/data/ibox/rowboat-android/external/glib/android -I/data/ibox/rowboat-android/external/glib -I/data/ibox/rowboat-android/external/glib/glib -I/data/ibox/rowboat-android/external/glib/gmoudle -I/data/ibox/rowboat-android/external/glib/gobject -I/data/ibox/rowboat-android/external/glib/gthread  -Wl,-rpath-link=/data/ibox/rowboat-android/ndk/build/platforms/android-8/arch-arm/usr/lib/ -L/data/ibox/rowboat-android/ndk/build/platforms/android-8/arch-arm/usr/lib/ -L/data/ibox/rowboat-android/out/target/product/omap3evm/system/lib/ conftest.c -lc >&5
/data/ibox/rowboat-android/prebuilt/linux-x86/toolchain/arm-eabi-4.4.0/bin/../lib/gcc/arm-eabi/4.4.0/../../../../arm-eabi/bin/ld: warning: cannot find entry symbol _start; defaulting to 00008258
configure:12635: $? = 0
configure:12655: result: yes
configure:12930: checking for arm-eabi-pkg-config
configure:12963: result: no
configure:12973: checking for pkg-config
configure:12991: found /usr/bin/pkg-config
configure:13003: result: /usr/bin/pkg-config
configure:13015: WARNING: using cross tools not prefixed with host triplet
configure:13028: checking pkg-config is at least version 0.16
configure:13031: result: yes
configure:13049: checking for GLIB - version >= 2.21.3
configure:13209: result: yes (version 2.24.1)
configure:13313: checking for XML
configure:13320: $PKG_CONFIG --exists --print-errors "libxml-2.0"
Package libxml-2.0 was not found in the pkg-config search path.
Perhaps you should add the directory containing `libxml-2.0.pc'
to the PKG_CONFIG_PATH environment variable
No package 'libxml-2.0' found
configure:13323: $? = 1
configure:13336: $PKG_CONFIG --exists --print-errors "libxml-2.0"
Package libxml-2.0 was not found in the pkg-config search path.
Perhaps you should add the directory containing `libxml-2.0.pc'
to the PKG_CONFIG_PATH environment variable
No package 'libxml-2.0' found
configure:13339: $? = 1
No package 'libxml-2.0' found
configure:13376: error: Package requirements (libxml-2.0) were not met:

No package 'libxml-2.0' found

Consider adjusting the PKG_CONFIG_PATH environment variable if you
installed software in a non-standard prefix.

Alternatively, you may set the environment variables XML_CFLAGS
and XML_LIBS to avoid the need to call pkg-config.
See the pkg-config man page for more details.


## ---------------- ##
## Cache variables. ##
## ---------------- ##

ac_cv_build=i686-pc-linux-gnulibc1
ac_cv_c_compiler_gnu=yes
ac_cv_env_CC_set=set
ac_cv_env_CC_value=arm-eabi-gcc
ac_cv_env_CFLAGS_set=set
ac_cv_env_CFLAGS_value=-nostdlib
ac_cv_env_CPPFLAGS_set=set
ac_cv_env_CPPFLAGS_value='-I/data/ibox/rowboat-android/ndk/build/platforms/android-8/arch-arm/usr/include/ -I/data/ibox/rowboat-android/external/glib/android-internal -I/data/ibox/rowboat-android/external/glib/android -I/data/ibox/rowboat-android/external/glib/android -I/data/ibox/rowboat-android/external/glib -I/data/ibox/rowboat-android/external/glib/glib -I/data/ibox/rowboat-android/external/glib/gmoudle -I/data/ibox/rowboat-android/external/glib/gobject -I/data/ibox/rowboat-android/external/glib/gthread '
ac_cv_env_CPP_set=
ac_cv_env_CPP_value=
ac_cv_env_GCONF_CFLAGS_set=
ac_cv_env_GCONF_CFLAGS_value=
ac_cv_env_GCONF_LIBS_set=
ac_cv_env_GCONF_LIBS_value=
ac_cv_env_GNOME_KEYRING_CFLAGS_set=
ac_cv_env_GNOME_KEYRING_CFLAGS_value=
ac_cv_env_GNOME_KEYRING_LIBS_set=
ac_cv_env_GNOME_KEYRING_LIBS_value=
ac_cv_env_LDFLAGS_set=set
ac_cv_env_LDFLAGS_value='-Wl,-rpath-link=/data/ibox/rowboat-android/ndk/build/platforms/android-8/arch-arm/usr/lib/ -L/data/ibox/rowboat-android/ndk/build/platforms/android-8/arch-arm/usr/lib/ -L/data/ibox/rowboat-android/out/target/product/omap3evm/system/lib/'
ac_cv_env_LIBGNUTLS_CFLAGS_set=
ac_cv_env_LIBGNUTLS_CFLAGS_value=
ac_cv_env_LIBGNUTLS_LIBS_set=
ac_cv_env_LIBGNUTLS_LIBS_value=
ac_cv_env_LIBPROXY_CFLAGS_set=
ac_cv_env_LIBPROXY_CFLAGS_value=
ac_cv_env_LIBPROXY_LIBS_set=
ac_cv_env_LIBPROXY_LIBS_value=
ac_cv_env_LIBS_set=set
ac_cv_env_LIBS_value=-lc
ac_cv_env_PKG_CONFIG_set=
ac_cv_env_PKG_CONFIG_value=
ac_cv_env_SQLITE_CFLAGS_set=
ac_cv_env_SQLITE_CFLAGS_value=
ac_cv_env_SQLITE_LIBS_set=
ac_cv_env_SQLITE_LIBS_value=
ac_cv_env_XML_CFLAGS_set=
ac_cv_env_XML_CFLAGS_value=
ac_cv_env_XML_LIBS_set=
ac_cv_env_XML_LIBS_value=
ac_cv_env_build_alias_set=
ac_cv_env_build_alias_value=
ac_cv_env_host_alias_set=set
ac_cv_env_host_alias_value=arm-eabi
ac_cv_env_target_alias_set=
ac_cv_env_target_alias_value=
ac_cv_func_alloca_works=yes
ac_cv_header_dlfcn_h=yes
ac_cv_header_inttypes_h=yes
ac_cv_header_memory_h=yes
ac_cv_header_stdc=yes
ac_cv_header_stdint_h=yes
ac_cv_header_stdlib_h=yes
ac_cv_header_string_h=yes
ac_cv_header_strings_h=yes
ac_cv_header_sys_stat_h=yes
ac_cv_header_sys_types_h=yes
ac_cv_header_unistd_h=yes
ac_cv_host=arm-unknown-eabi
ac_cv_objext=o
ac_cv_path_EGREP='/bin/grep -E'
ac_cv_path_FGREP='/bin/grep -F'
ac_cv_path_GREP=/bin/grep
ac_cv_path_SED=/bin/sed
ac_cv_path_ac_pt_PKG_CONFIG=/usr/bin/pkg-config
ac_cv_path_install='/usr/bin/install -c'
ac_cv_path_mkdir=/bin/mkdir
ac_cv_prog_AR=arm-eabi-ar
ac_cv_prog_AWK=gawk
ac_cv_prog_CC=arm-eabi-gcc
ac_cv_prog_CPP='arm-eabi-gcc -E'
ac_cv_prog_OBJDUMP=objdump
ac_cv_prog_RANLIB=arm-eabi-ranlib
ac_cv_prog_STRIP=arm-eabi-strip
ac_cv_prog_cc_c89=
ac_cv_prog_cc_g=yes
ac_cv_prog_make_make_set=yes
ac_cv_working_alloca_h=yes
am_cv_CC_dependencies_compiler_type=gcc3
am_cv_prog_cc_stdc=
lt_cv_deplibs_check_method=unknown
lt_cv_file_magic_cmd='$MAGIC_CMD'
lt_cv_file_magic_test_file=
lt_cv_ld_reload_flag=-r
lt_cv_nm_interface='BSD nm'
lt_cv_objdir=.libs
lt_cv_path_LD=/data/ibox/rowboat-android/prebuilt/linux-x86/toolchain/arm-eabi-4.4.0/arm-eabi/bin/ld
lt_cv_path_NM='/data/ibox/rowboat-android/prebuilt/linux-x86/toolchain/arm-eabi-4.4.0/bin/arm-eabi-nm -B'
lt_cv_prog_compiler_c_o=yes
lt_cv_prog_compiler_pic_works=yes
lt_cv_prog_compiler_rtti_exceptions=no
lt_cv_prog_compiler_static_works=no
lt_cv_prog_gnu_ld=yes
lt_cv_sys_global_symbol_pipe='sed -n -e '\''s/^.*[	 ]\([ABCDGIRSTW][ABCDGIRSTW]*\)[	 ][	 ]*\([_A-Za-z][_A-Za-z0-9]*\)$/\1 \2 \2/p'\'''
lt_cv_sys_global_symbol_to_c_name_address='sed -n -e '\''s/^: \([^ ]*\) $/  {\"\1\", (void *) 0},/p'\'' -e '\''s/^[ABCDGIRSTW]* \([^ ]*\) \([^ ]*\)$/  {"\2", (void *) \&\2},/p'\'''
lt_cv_sys_global_symbol_to_c_name_address_lib_prefix='sed -n -e '\''s/^: \([^ ]*\) $/  {\"\1\", (void *) 0},/p'\'' -e '\''s/^[ABCDGIRSTW]* \([^ ]*\) \(lib[^ ]*\)$/  {"\2", (void *) \&\2},/p'\'' -e '\''s/^[ABCDGIRSTW]* \([^ ]*\) \([^ ]*\)$/  {"lib\2", (void *) \&\2},/p'\'''
lt_cv_sys_global_symbol_to_cdecl='sed -n -e '\''s/^T .* \(.*\)$/extern int \1();/p'\'' -e '\''s/^[ABCDGIRSTW]* .* \(.*\)$/extern char \1;/p'\'''
lt_cv_sys_max_cmd_len=1572864

## ----------------- ##
## Output variables. ##
## ----------------- ##

ACLOCAL='${SHELL} /data/ibox/rowboat-android/external/libsoup-2.29.3/missing --run aclocal-1.11'
ALLOCA=''
AMDEPBACKSLASH='\'
AMDEP_FALSE='#'
AMDEP_TRUE=''
AMTAR='${SHELL} /data/ibox/rowboat-android/external/libsoup-2.29.3/missing --run tar'
AM_BACKSLASH='\'
AM_DEFAULT_VERBOSITY='0'
APACHE_HTTPD=''
APACHE_MODULE_DIR=''
APACHE_PHP_MODULE=''
APACHE_PHP_MODULE_DIR=''
APACHE_SSL_MODULE_DIR=''
AR='arm-eabi-ar'
AS='as'
AUTOCONF='${SHELL} /data/ibox/rowboat-android/external/libsoup-2.29.3/missing --run autoconf'
AUTOHEADER='${SHELL} /data/ibox/rowboat-android/external/libsoup-2.29.3/missing --run autoheader'
AUTOMAKE='${SHELL} /data/ibox/rowboat-android/external/libsoup-2.29.3/missing --run automake-1.11'
AWK='gawk'
BUILD_LIBSOUP_GNOME_FALSE=''
BUILD_LIBSOUP_GNOME_TRUE=''
CC='arm-eabi-gcc'
CCDEPMODE='depmode=gcc3'
CFLAGS='-nostdlib'
CPP='arm-eabi-gcc -E'
CPPFLAGS='-I/data/ibox/rowboat-android/ndk/build/platforms/android-8/arch-arm/usr/include/ -I/data/ibox/rowboat-android/external/glib/android-internal -I/data/ibox/rowboat-android/external/glib/android -I/data/ibox/rowboat-android/external/glib/android -I/data/ibox/rowboat-android/external/glib -I/data/ibox/rowboat-android/external/glib/glib -I/data/ibox/rowboat-android/external/glib/gmoudle -I/data/ibox/rowboat-android/external/glib/gobject -I/data/ibox/rowboat-android/external/glib/gthread '
CURL=''
CYGPATH_W='echo'
DEFS=''
DEPDIR='.deps'
DLLTOOL='dlltool'
DSYMUTIL=''
DUMPBIN=''
ECHO_C=''
ECHO_N='-n'
ECHO_T=''
EGREP='/bin/grep -E'
ENABLE_GTK_DOC_FALSE=''
ENABLE_GTK_DOC_TRUE=''
EXEEXT=''
FGREP='/bin/grep -F'
GCONF_CFLAGS=''
GCONF_LIBS=''
GLIB_CFLAGS='-pthread -I/usr/include/glib-2.0 -I/usr/lib/glib-2.0/include   -DG_DISABLE_SINGLE_INCLUDES'
GLIB_GENMARSHAL='glib-genmarshal'
GLIB_LIBS='-pthread -lgio-2.0 -lgobject-2.0 -lgmodule-2.0 -lgthread-2.0 -lrt -lglib-2.0  '
GLIB_MKENUMS='glib-mkenums'
GNOME_KEYRING_CFLAGS=''
GNOME_KEYRING_LIBS=''
GOBJECT_QUERY='gobject-query'
GREP='/bin/grep'
GTKDOC_CHECK=''
GTK_DOC_USE_LIBTOOL_FALSE=''
GTK_DOC_USE_LIBTOOL_TRUE=''
HAVE_APACHE_FALSE=''
HAVE_APACHE_TRUE=''
HAVE_CURL_FALSE=''
HAVE_CURL_TRUE=''
HAVE_GNOME=''
HAVE_SSL_FALSE=''
HAVE_SSL_TRUE=''
HAVE_XMLRPC_EPI_PHP_FALSE=''
HAVE_XMLRPC_EPI_PHP_TRUE=''
HTML_DIR=''
IF_HAVE_PHP=''
INSTALL_DATA='${INSTALL} -m 644'
INSTALL_PROGRAM='${INSTALL}'
INSTALL_SCRIPT='${INSTALL}'
INSTALL_STRIP_PROGRAM='$(install_sh) -c -s'
LD='/data/ibox/rowboat-android/prebuilt/linux-x86/toolchain/arm-eabi-4.4.0/arm-eabi/bin/ld'
LDFLAGS='-Wl,-rpath-link=/data/ibox/rowboat-android/ndk/build/platforms/android-8/arch-arm/usr/lib/ -L/data/ibox/rowboat-android/ndk/build/platforms/android-8/arch-arm/usr/lib/ -L/data/ibox/rowboat-android/out/target/product/omap3evm/system/lib/'
LIBGCRYPT_CFLAGS=''
LIBGCRYPT_CONFIG=''
LIBGCRYPT_LIBS=''
LIBGNUTLS_CFLAGS=''
LIBGNUTLS_LIBS=''
LIBOBJS=''
LIBPROXY_CFLAGS=''
LIBPROXY_LIBS=''
LIBS='-lc'
LIBTOOL='$(SHELL) $(top_builddir)/libtool'
LIPO=''
LN_S='ln -s'
LTLIBOBJS=''
MAINT='#'
MAINTAINER_MODE_FALSE=''
MAINTAINER_MODE_TRUE='#'
MAKEINFO='${SHELL} /data/ibox/rowboat-android/external/libsoup-2.29.3/missing --run makeinfo'
MISSING_REGRESSION_TEST_PACKAGES=''
MISSING_REGRESSION_TEST_PACKAGES_FALSE=''
MISSING_REGRESSION_TEST_PACKAGES_TRUE=''
MKDIR_P='/bin/mkdir -p'
NM='/data/ibox/rowboat-android/prebuilt/linux-x86/toolchain/arm-eabi-4.4.0/bin/arm-eabi-nm -B'
NMEDIT=''
OBJDUMP='objdump'
OBJEXT='o'
OS_WIN32_FALSE=''
OS_WIN32_TRUE=''
OTOOL64=''
OTOOL=''
PACKAGE='libsoup'
PACKAGE_BUGREPORT=''
PACKAGE_NAME='libsoup'
PACKAGE_STRING='libsoup 2.29.3'
PACKAGE_TARNAME='libsoup'
PACKAGE_VERSION='2.29.3'
PATH_SEPARATOR=':'
PHP=''
PKG_CONFIG='/usr/bin/pkg-config'
RANLIB='arm-eabi-ranlib'
SED='/bin/sed'
SET_MAKE=''
SHELL='/bin/sh'
SOUP_AGE='3'
SOUP_API_VERSION='2.4'
SOUP_CURRENT='4'
SOUP_DEBUG_FLAGS=''
SOUP_MAINTAINER_FLAGS=''
SOUP_REVISION='0'
SQLITE_CFLAGS=''
SQLITE_LIBS=''
SSL_REQUIREMENT=''
STRIP='arm-eabi-strip'
VERSION='2.29.3'
XML_CFLAGS=''
XML_LIBS=''
ac_ct_CC=''
ac_ct_DUMPBIN=''
am__EXEEXT_FALSE=''
am__EXEEXT_TRUE=''
am__fastdepCC_FALSE='#'
am__fastdepCC_TRUE=''
am__include='include'
am__isrc=''
am__leading_dot='.'
am__quote=''
am__tar='${AMTAR} chof - "$$tardir"'
am__untar='${AMTAR} xf -'
bindir='${exec_prefix}/bin'
build='i686-pc-linux-gnulibc1'
build_alias=''
build_cpu='i686'
build_os='linux-gnulibc1'
build_vendor='pc'
datadir='${datarootdir}'
datarootdir='${prefix}/share'
docdir='${datarootdir}/doc/${PACKAGE_TARNAME}'
dvidir='${docdir}'
exec_prefix='NONE'
host='arm-unknown-eabi'
host_alias='arm-eabi'
host_cpu='arm'
host_os='eabi'
host_vendor='unknown'
htmldir='${docdir}'
includedir='${prefix}/include'
infodir='${datarootdir}/info'
install_sh='${SHELL} /data/ibox/rowboat-android/external/libsoup-2.29.3/install-sh'
libdir='${exec_prefix}/lib'
libexecdir='${exec_prefix}/libexec'
localedir='${datarootdir}/locale'
localstatedir='${prefix}/var'
lt_ECHO='echo'
mandir='${datarootdir}/man'
mkdir_p='/bin/mkdir -p'
oldincludedir='/usr/include'
pdfdir='${docdir}'
prefix='NONE'
program_transform_name='s,x,x,'
psdir='${docdir}'
sbindir='${exec_prefix}/sbin'
sharedstatedir='${prefix}/com'
sysconfdir='${prefix}/etc'
target_alias=''

## ----------- ##
## confdefs.h. ##
## ----------- ##

#define PACKAGE_NAME "libsoup"
#define PACKAGE_TARNAME "libsoup"
#define PACKAGE_VERSION "2.29.3"
#define PACKAGE_STRING "libsoup 2.29.3"
#define PACKAGE_BUGREPORT ""
#define PACKAGE "libsoup"
#define VERSION "2.29.3"
#define STDC_HEADERS 1
#define HAVE_SYS_TYPES_H 1
#define HAVE_SYS_STAT_H 1
#define HAVE_STDLIB_H 1
#define HAVE_STRING_H 1
#define HAVE_MEMORY_H 1
#define HAVE_STRINGS_H 1
#define HAVE_INTTYPES_H 1
#define HAVE_STDINT_H 1
#define HAVE_UNISTD_H 1
#define HAVE_DLFCN_H 1
#define LT_OBJDIR ".libs/"
#define HAVE_ALLOCA_H 1
#define HAVE_ALLOCA 1

configure: exit 1
